<?xml version="1.0" encoding="UTF-8"?>
<!-- Generated by org.testng.reporters.JUnitReportReporter -->
<testsuite hostname="Dhananjay" failures="0" tests="1" name="TestScripts.LoginTests" time="7.736" errors="0" timestamp="2022-05-01T11:10:58 IST" skipped="0">
  <testcase classname="TestScripts.LoginTests" name="FB_001" time="7.736"/>
  <system-out/>
</testsuite> <!-- TestScripts.LoginTests -->
