<?xml version="1.0" encoding="UTF-8"?>
<!-- Generated by org.testng.reporters.JUnitReportReporter -->
<testsuite hostname="Dhananjay" failures="0" tests="1" name="TestScripts.LoginPage" time="13.272" errors="0" timestamp="2022-04-29T20:47:37 IST" skipped="0">
  <testcase classname="TestScripts.LoginPage" name="loginTC_001" time="13.272"/>
  <system-out/>
</testsuite> <!-- TestScripts.LoginPage -->
