<?xml version="1.0" encoding="UTF-8"?>
<!-- Generated by org.testng.reporters.JUnitReportReporter -->
<testsuite hostname="Dhananjay" failures="0" tests="1" name="RegressionTestSuite.Regression" time="15.514" errors="0" timestamp="2021-10-19T20:04:36 IST" skipped="0">
  <testcase classname="RegressionTestSuite.Regression" name="tc_01" time="15.514"/>
  <system-out/>
</testsuite> <!-- RegressionTestSuite.Regression -->
