<?xml version="1.0" encoding="UTF-8"?>
<!-- Generated by org.testng.reporters.JUnitReportReporter -->
<testsuite hostname="John" failures="0" tests="1" name="com.tests.LoginTests" time="10.247" errors="0" timestamp="17 Sep 2022 04:49:47 GMT" skipped="0">
  <testcase classname="com.tests.LoginTests" name="FB_001" time="10.247"/>
</testsuite> <!-- com.tests.LoginTests -->
